\BOOKMARK [1][-]{section.1}{Norm und Skalarprodukt}{}% 1
\BOOKMARK [2][-]{subsection.1.1}{Norm}{section.1}% 2
\BOOKMARK [2][-]{subsection.1.2}{Skalarprodukt}{section.1}% 3
\BOOKMARK [3][-]{subsubsection.1.2.1}{Vom Skalarprodukt induzierte Norm}{subsection.1.2}% 4
\BOOKMARK [3][-]{subsubsection.1.2.2}{Cauchy-Schwarzche Ungleichung}{subsection.1.2}% 5
\BOOKMARK [1][-]{section.2}{Symmetrische, positiv definite Matrix}{}% 6
\BOOKMARK [2][-]{subsection.2.1}{Cholesky-Zerlegung A = GG^t}{section.2}% 7
\BOOKMARK [2][-]{subsection.2.2}{[?] diagonaldominant und alle a_ii 0}{section.2}% 8
\BOOKMARK [2][-]{subsection.2.3}{Eigenwerte}{section.2}% 9
\BOOKMARK [2][-]{subsection.2.4}{Eigenvektor}{section.2}% 10
\BOOKMARK [1][-]{section.3}{Matrixnormen}{}% 11
\BOOKMARK [2][-]{subsection.3.1}{Nat\374rliche Matrixnorm}{section.3}% 12
\BOOKMARK [2][-]{subsection.3.2}{Vertr\344glichkeit}{section.3}% 13
\BOOKMARK [2][-]{subsection.3.3}{Zeilensummennorm}{section.3}% 14
\BOOKMARK [2][-]{subsection.3.4}{Spaltensummennorm}{section.3}% 15
\BOOKMARK [2][-]{subsection.3.5}{Spektralnorm}{section.3}% 16
\BOOKMARK [1][-]{section.4}{Spektralradius, Konditionszahl einer Matrix}{}% 17
\BOOKMARK [2][-]{subsection.4.1}{Spektralradius }{section.4}% 18
\BOOKMARK [2][-]{subsection.4.2}{Konditionszahl einer Matrix A}{section.4}% 19
\BOOKMARK [2][-]{subsection.4.3}{Sonderfall symmetrisch, positiv definite Matrix}{section.4}% 20
\BOOKMARK [1][-]{section.5}{\304hnlichkeitstransformation, Invarianz der Eigenwerte}{}% 21
\BOOKMARK [2][-]{subsection.5.1}{Reduktionsmethoden}{section.5}% 22
\BOOKMARK [1][-]{section.6}{Gleitkommazahlen}{}% 23
\BOOKMARK [2][-]{subsection.6.1}{Gleitkommazahl \(normalisiert\)}{section.6}% 24
\BOOKMARK [2][-]{subsection.6.2}{Gleitkommagitter}{section.6}% 25
\BOOKMARK [2][-]{subsection.6.3}{Maschienengenauigkeit eps}{section.6}% 26
\BOOKMARK [2][-]{subsection.6.4}{Rundungsfehler}{section.6}% 27
\BOOKMARK [1][-]{section.7}{Darstellung des Interpolationsfehlers}{}% 28
\BOOKMARK [2][-]{subsection.7.1}{Fehler I}{section.7}% 29
\BOOKMARK [2][-]{subsection.7.2}{Fehler II}{section.7}% 30
\BOOKMARK [1][-]{section.8}{Konditionierung einer numerischen Aufgabe, Konditionszahlen k_ij}{}% 31
\BOOKMARK [2][-]{subsection.8.1}{numerische Aufgabe}{section.8}% 32
\BOOKMARK [2][-]{subsection.8.2}{Konditionszahl \(relativ\)}{section.8}% 33
\BOOKMARK [1][-]{section.9}{Stabilit\344t eines Algorithmus}{}% 34
\BOOKMARK [2][-]{subsection.9.1}{stabiler Algorithmus}{section.9}% 35
\BOOKMARK [1][-]{section.10}{Ausl\366schung}{}% 36
\BOOKMARK [1][-]{section.11}{Horner-Schema*}{}% 37
\BOOKMARK [2][-]{subsection.11.1}{Code}{section.11}% 38
\BOOKMARK [2][-]{subsection.11.2}{Auswertung}{section.11}% 39
\BOOKMARK [1][-]{section.12}{Interpolation und Approximation}{}% 40
\BOOKMARK [2][-]{subsection.12.1}{Grundproblem}{section.12}% 41
\BOOKMARK [2][-]{subsection.12.2}{Aufgabenstellung}{section.12}% 42
\BOOKMARK [2][-]{subsection.12.3}{Interpolation}{section.12}% 43
\BOOKMARK [2][-]{subsection.12.4}{Approximation}{section.12}% 44
\BOOKMARK [1][-]{section.13}{Lagransche Interpolationsaufgabe}{}% 45
\BOOKMARK [2][-]{subsection.13.1}{Aufgabe}{section.13}% 46
\BOOKMARK [2][-]{subsection.13.2}{Eindeutigkeit + Existenz}{section.13}% 47
\BOOKMARK [2][-]{subsection.13.3}{Lagransche Basispolynome}{section.13}% 48
\BOOKMARK [2][-]{subsection.13.4}{Eigenschaften}{section.13}% 49
\BOOKMARK [2][-]{subsection.13.5}{Lagransche Darstellung}{section.13}% 50
\BOOKMARK [1][-]{section.14}{Newtonsche Basispolynome, dividierte Differenzen}{}% 51
\BOOKMARK [2][-]{subsection.14.1}{Newton-Polynome}{section.14}% 52
\BOOKMARK [3][-]{subsubsection.14.1.1}{Auswertung}{subsection.14.1}% 53
\BOOKMARK [3][-]{subsubsection.14.1.2}{Vorteil}{subsection.14.1}% 54
\BOOKMARK [2][-]{subsection.14.2}{Newtonsche Darstellung}{section.14}% 55
\BOOKMARK [2][-]{subsection.14.3}{Dividierte Differenzen*}{section.14}% 56
\BOOKMARK [1][-]{section.15}{Nevillsche Darstellung}{}% 57
\BOOKMARK [2][-]{subsection.15.1}{Schema}{section.15}% 58
